0 info it worked if it ends with ok
1 verbose cli [ '/usr/local/bin/node',
1 verbose cli   '/usr/local/bin/npm',
1 verbose cli   'install',
1 verbose cli   'angular-route@X.Y.Z',
1 verbose cli   '--save' ]
2 info using npm@2.15.0
3 info using node@v4.4.2
4 verbose install initial load of /Users/Jack/Documents/hackathon/coffeeShop/front/package.json
5 warn package.json front@1.1.1 No repository field.
6 warn package.json front@1.1.1 No README data
7 warn package.json front@1.1.1 No license field.
8 verbose installManyTop reading scoped package data from /Users/Jack/Documents/hackathon/coffeeShop/front/node_modules/bcrypt/package.json
9 verbose installManyTop reading scoped package data from /Users/Jack/Documents/hackathon/coffeeShop/front/node_modules/bindings/package.json
10 verbose installManyTop reading scoped package data from /Users/Jack/Documents/hackathon/coffeeShop/front/node_modules/moment/package.json
11 verbose installManyTop reading scoped package data from /Users/Jack/Documents/hackathon/coffeeShop/front/node_modules/nan/package.json
12 verbose installManyTop reading scoped package data from /Users/Jack/Documents/hackathon/coffeeShop/front/node_modules/ngtouch/package.json
13 verbose readDependencies loading dependencies from /Users/Jack/Documents/hackathon/coffeeShop/front/package.json
14 silly cache add args [ 'angular-route@X.Y.Z', null ]
15 verbose cache add spec angular-route@X.Y.Z
16 silly cache add parsed spec Result {
16 silly cache add   raw: 'angular-route@X.Y.Z',
16 silly cache add   scope: null,
16 silly cache add   name: 'angular-route',
16 silly cache add   rawSpec: 'X.Y.Z',
16 silly cache add   spec: 'X.Y.Z',
16 silly cache add   type: 'tag' }
17 silly addNamed angular-route@X.Y.Z
18 verbose addNamed "X.Y.Z" is being treated as a dist-tag for angular-route
19 info addNameTag [ 'angular-route', 'X.Y.Z' ]
20 silly mapToRegistry name angular-route
21 silly mapToRegistry using default registry
22 silly mapToRegistry registry https://registry.npmjs.org/
23 silly mapToRegistry data Result {
23 silly mapToRegistry   raw: 'angular-route',
23 silly mapToRegistry   scope: null,
23 silly mapToRegistry   name: 'angular-route',
23 silly mapToRegistry   rawSpec: '',
23 silly mapToRegistry   spec: 'latest',
23 silly mapToRegistry   type: 'tag' }
24 silly mapToRegistry uri https://registry.npmjs.org/angular-route
25 verbose addNameTag registry:https://registry.npmjs.org/angular-route not in flight; fetching
26 verbose request uri https://registry.npmjs.org/angular-route
27 verbose request no auth needed
28 info attempt registry request try #1 at 10:04:13 AM
29 verbose request id 169cd97c5403f6bb
30 http request GET https://registry.npmjs.org/angular-route
31 http 200 https://registry.npmjs.org/angular-route
32 verbose headers { server: 'CouchDB/1.5.0 (Erlang OTP/R16B03)',
32 verbose headers   etag: '"9G12HEWB084YFCSADV7GMIW1S"',
32 verbose headers   'content-type': 'application/json',
32 verbose headers   'cache-control': 'max-age=300',
32 verbose headers   'content-length': '70109',
32 verbose headers   'accept-ranges': 'bytes',
32 verbose headers   date: 'Fri, 22 Apr 2016 17:04:13 GMT',
32 verbose headers   via: '1.1 varnish',
32 verbose headers   age: '123',
32 verbose headers   connection: 'keep-alive',
32 verbose headers   'x-served-by': 'cache-lax1426-LAX',
32 verbose headers   'x-cache': 'HIT',
32 verbose headers   'x-cache-hits': '1',
32 verbose headers   'x-timer': 'S1461344653.852676,VS0,VE1',
32 verbose headers   vary: 'Accept-Encoding' }
33 silly get cb [ 200,
33 silly get   { server: 'CouchDB/1.5.0 (Erlang OTP/R16B03)',
33 silly get     etag: '"9G12HEWB084YFCSADV7GMIW1S"',
33 silly get     'content-type': 'application/json',
33 silly get     'cache-control': 'max-age=300',
33 silly get     'content-length': '70109',
33 silly get     'accept-ranges': 'bytes',
33 silly get     date: 'Fri, 22 Apr 2016 17:04:13 GMT',
33 silly get     via: '1.1 varnish',
33 silly get     age: '123',
33 silly get     connection: 'keep-alive',
33 silly get     'x-served-by': 'cache-lax1426-LAX',
33 silly get     'x-cache': 'HIT',
33 silly get     'x-cache-hits': '1',
33 silly get     'x-timer': 'S1461344653.852676,VS0,VE1',
33 silly get     vary: 'Accept-Encoding' } ]
34 verbose get saving angular-route to /Users/Jack/.npm/registry.npmjs.org/angular-route/.cache.json
35 verbose correctMkdir /Users/Jack/.npm correctMkdir not in flight; initializing
36 silly addNameTag next cb for angular-route with tag X.Y.Z
37 verbose stack Error: No compatible version found: angular-route@'X.Y.Z'
37 verbose stack Valid install targets:
37 verbose stack ["1.2.17-build.163.1","1.3.0-rc.5","1.3.0","1.3.1","1.3.2","1.3.3","1.3.4-build.3588","1.2.27","1.3.4","1.3.5","1.3.6","1.3.7","1.2.28","1.3.8","1.4.0-beta.0","1.3.9","1.3.10","1.4.0-beta.1","1.4.0-beta.2","1.3.11","1.4.0-beta.3","1.3.12","1.3.13","1.4.0-beta.4","1.3.14","1.4.0-beta.5","1.4.0-beta.6","1.3.15","1.4.0-rc.0","1.4.0-rc.1","1.4.0-rc.2","1.4.0","1.3.16","1.4.1","1.4.2","1.3.17","1.4.3","1.4.4","1.3.18","1.4.5","1.3.19","1.4.6","1.5.0-beta.0","1.2.29","1.3.20","1.4.7","1.5.0-beta.2","1.4.8","1.5.0-rc.0","1.5.0-rc.1","1.4.9","1.5.0-rc.2","1.5.0","1.5.1","1.4.10","1.5.2","1.5.3","1.5.5"]
37 verbose stack
37 verbose stack     at installTargetsError (/usr/local/lib/node_modules/npm/lib/cache/add-named.js:284:12)
37 verbose stack     at next (/usr/local/lib/node_modules/npm/lib/cache/add-named.js:94:10)
37 verbose stack     at RES (/usr/local/lib/node_modules/npm/node_modules/inflight/inflight.js:23:14)
37 verbose stack     at f (/usr/local/lib/node_modules/npm/node_modules/once/once.js:17:25)
37 verbose stack     at fixName (/usr/local/lib/node_modules/npm/lib/cache/add-named.js:29:5)
37 verbose stack     at saved (/usr/local/lib/node_modules/npm/lib/cache/caching-client.js:173:7)
37 verbose stack     at /usr/local/lib/node_modules/npm/node_modules/graceful-fs/polyfills.js:210:7
37 verbose stack     at FSReqWrap.oncomplete (fs.js:82:15)
38 verbose cwd /Users/Jack/Documents/hackathon/coffeeShop/front
39 error Darwin 15.3.0
40 error argv "/usr/local/bin/node" "/usr/local/bin/npm" "install" "angular-route@X.Y.Z" "--save"
41 error node v4.4.2
42 error npm  v2.15.0
43 error code ETARGET
44 error notarget No compatible version found: angular-route@'X.Y.Z'
44 error notarget Valid install targets:
44 error notarget ["1.2.17-build.163.1","1.3.0-rc.5","1.3.0","1.3.1","1.3.2","1.3.3","1.3.4-build.3588","1.2.27","1.3.4","1.3.5","1.3.6","1.3.7","1.2.28","1.3.8","1.4.0-beta.0","1.3.9","1.3.10","1.4.0-beta.1","1.4.0-beta.2","1.3.11","1.4.0-beta.3","1.3.12","1.3.13","1.4.0-beta.4","1.3.14","1.4.0-beta.5","1.4.0-beta.6","1.3.15","1.4.0-rc.0","1.4.0-rc.1","1.4.0-rc.2","1.4.0","1.3.16","1.4.1","1.4.2","1.3.17","1.4.3","1.4.4","1.3.18","1.4.5","1.3.19","1.4.6","1.5.0-beta.0","1.2.29","1.3.20","1.4.7","1.5.0-beta.2","1.4.8","1.5.0-rc.0","1.5.0-rc.1","1.4.9","1.5.0-rc.2","1.5.0","1.5.1","1.4.10","1.5.2","1.5.3","1.5.5"]
44 error notarget
44 error notarget This is most likely not a problem with npm itself.
44 error notarget In most cases you or one of your dependencies are requesting
44 error notarget a package version that doesn't exist.
44 error notarget
44 error notarget It was specified as a dependency of 'front'
45 verbose exit [ 1, true ]
